2018-05-20 15:05:35,303 INFO  [Logs] +++++++++++++++++++++++++++++++++++++++++++++++++++++++++++++++++++++++++ 
2018-05-20 15:05:38,107 INFO  [Logs] Instantiate browser - chrome 
2018-05-20 15:05:50,258 INFO  [Logs] Navigate to URL - https://www.ruffalonl.com/ 
2018-05-20 15:05:51,385 INFO  [Logs] Maximized the browser 
2018-05-20 15:05:51,461 INFO  [Logs] Hover to Student Success 
2018-05-20 15:05:52,064 INFO  [Logs] Take a screenshot 
2018-05-20 15:13:53,793 INFO  [Logs] +++++++++++++++++++++++++++++++++++++++++++++++++++++++++++++++++++++++++ 
2018-05-20 15:13:56,642 INFO  [Logs] Instantiate browser - chrome 
2018-05-20 15:14:10,682 INFO  [Logs] Navigate to URL - https://www.ruffalonl.com/ 
2018-05-20 15:14:11,812 INFO  [Logs] Maximized the browser 
2018-05-20 15:14:11,888 INFO  [Logs] Hover to Student Success 
2018-05-20 15:14:12,485 INFO  [Logs] Take a screenshot 
2018-05-20 15:17:40,310 INFO  [Logs] +++++++++++++++++++++++++++++++++++++++++++++++++++++++++++++++++++++++++ 
2018-05-20 15:17:43,153 INFO  [Logs] Instantiate browser - chrome 
2018-05-20 15:17:55,913 INFO  [Logs] Navigate to URL - https://www.ruffalonl.com/ 
2018-05-20 15:17:57,032 INFO  [Logs] Maximized the browser 
2018-05-20 15:17:57,108 INFO  [Logs] Hover to Student Success 
2018-05-20 15:17:57,707 INFO  [Logs] Take a screenshot 
2018-05-20 15:19:43,460 INFO  [Logs] +++++++++++++++++++++++++++++++++++++++++++++++++++++++++++++++++++++++++ 
2018-05-20 15:19:47,637 INFO  [Logs] Instantiate browser - chrome 
2018-05-20 15:20:00,360 INFO  [Logs] Navigate to URL - https://www.ruffalonl.com/ 
2018-05-20 15:20:01,479 INFO  [Logs] Maximized the browser 
2018-05-20 15:20:01,557 INFO  [Logs] Hover to Student Success 
2018-05-20 15:20:02,163 INFO  [Logs] Take a screenshot 
2018-05-20 17:50:27,874 INFO  [Logs] +++++++++++++++++++++++++++++++++++++++++++++++++++++++++++++++++++++++++ 
2018-05-20 17:57:35,586 INFO  [Logs] +++++++++++++++++++++++++++++++++++++++++++++++++++++++++++++++++++++++++ 
2018-05-20 17:57:39,421 INFO  [Logs] Instantiate browser - chrome_grid 
2018-05-20 17:58:37,642 INFO  [Logs] +++++++++++++++++++++++++++++++++++++++++++++++++++++++++++++++++++++++++ 
2018-05-20 17:58:41,029 INFO  [Logs] Instantiate browser - chrome_grid 
2018-05-20 17:59:36,055 INFO  [Logs] +++++++++++++++++++++++++++++++++++++++++++++++++++++++++++++++++++++++++ 
2018-05-20 17:59:39,538 INFO  [Logs] Instantiate browser - chrome_grid 
2018-05-20 18:00:08,352 INFO  [Logs] +++++++++++++++++++++++++++++++++++++++++++++++++++++++++++++++++++++++++ 
2018-05-20 18:00:11,790 INFO  [Logs] Instantiate browser - chrome_grid 
2018-05-20 18:01:05,165 INFO  [Logs] +++++++++++++++++++++++++++++++++++++++++++++++++++++++++++++++++++++++++ 
2018-05-20 18:01:08,601 INFO  [Logs] Instantiate browser - chrome_grid 
2018-05-20 18:13:11,425 INFO  [Logs] +++++++++++++++++++++++++++++++++++++++++++++++++++++++++++++++++++++++++ 
2018-05-20 18:13:14,928 INFO  [Logs] Instantiate browser - chrome_grid 
2018-05-20 18:15:38,204 INFO  [Logs] +++++++++++++++++++++++++++++++++++++++++++++++++++++++++++++++++++++++++ 
2018-05-20 18:15:41,171 INFO  [Logs] Instantiate browser - chrome_grid 
2018-05-20 18:16:59,784 INFO  [Logs] +++++++++++++++++++++++++++++++++++++++++++++++++++++++++++++++++++++++++ 
2018-05-20 18:18:02,623 INFO  [Logs] +++++++++++++++++++++++++++++++++++++++++++++++++++++++++++++++++++++++++ 
2018-05-20 18:19:35,572 INFO  [Logs] +++++++++++++++++++++++++++++++++++++++++++++++++++++++++++++++++++++++++ 
2018-05-20 18:19:38,770 INFO  [Logs] Instantiate browser - chrome_grid 
2018-05-20 18:23:03,561 INFO  [Logs] +++++++++++++++++++++++++++++++++++++++++++++++++++++++++++++++++++++++++ 
2018-05-20 18:23:07,021 INFO  [Logs] Instantiate browser - chrome_grid 
2018-05-20 18:25:59,443 INFO  [Logs] +++++++++++++++++++++++++++++++++++++++++++++++++++++++++++++++++++++++++ 
2018-05-20 18:26:02,897 INFO  [Logs] Instantiate browser - chrome_grid 
2018-05-20 18:26:49,613 INFO  [Logs] +++++++++++++++++++++++++++++++++++++++++++++++++++++++++++++++++++++++++ 
2018-05-20 18:26:53,062 INFO  [Logs] Instantiate browser - chrome_grid 
2018-05-20 18:34:30,414 INFO  [Logs] +++++++++++++++++++++++++++++++++++++++++++++++++++++++++++++++++++++++++ 
2018-05-20 18:35:39,253 INFO  [Logs] +++++++++++++++++++++++++++++++++++++++++++++++++++++++++++++++++++++++++ 
2018-05-20 18:36:50,367 INFO  [Logs] +++++++++++++++++++++++++++++++++++++++++++++++++++++++++++++++++++++++++ 
2018-05-20 18:36:53,339 INFO  [Logs] Instantiate browser - chrome_grid 
2018-05-20 18:50:31,385 INFO  [Logs] +++++++++++++++++++++++++++++++++++++++++++++++++++++++++++++++++++++++++ 
2018-05-20 18:50:34,375 INFO  [Logs] Instantiate browser - chrome_grid 
2018-05-20 18:53:50,544 INFO  [Logs] +++++++++++++++++++++++++++++++++++++++++++++++++++++++++++++++++++++++++ 
2018-05-20 18:53:54,020 INFO  [Logs] Instantiate browser - chrome_grid 
2018-05-20 19:03:27,924 INFO  [Logs] +++++++++++++++++++++++++++++++++++++++++++++++++++++++++++++++++++++++++ 
2018-05-20 19:03:34,352 INFO  [Logs] +++++++++++++++++++++++++++++++++++++++++++++++++++++++++++++++++++++++++ 
2018-05-20 19:04:00,976 INFO  [Logs] +++++++++++++++++++++++++++++++++++++++++++++++++++++++++++++++++++++++++ 
2018-05-20 19:04:06,414 INFO  [Logs] Instantiate browser - chrome_grid 
2018-05-20 19:04:41,547 INFO  [Logs] +++++++++++++++++++++++++++++++++++++++++++++++++++++++++++++++++++++++++ 
2018-05-20 19:04:44,695 INFO  [Logs] Instantiate browser - chrome_grid 
2018-05-20 19:04:58,507 INFO  [Logs] +++++++++++++++++++++++++++++++++++++++++++++++++++++++++++++++++++++++++ 
2018-05-20 19:05:01,870 INFO  [Logs] Instantiate browser - chrome_grid 
2018-05-20 19:10:47,957 INFO  [Logs] +++++++++++++++++++++++++++++++++++++++++++++++++++++++++++++++++++++++++ 
2018-05-20 19:10:52,610 INFO  [Logs] Instantiate browser - chrome_grid 
2018-05-20 19:46:02,714 INFO  [Logs] +++++++++++++++++++++++++++++++++++++++++++++++++++++++++++++++++++++++++ 
2018-05-20 19:46:06,290 INFO  [Logs] Instantiate browser - chrome_grid 
2018-05-20 20:14:30,185 INFO  [Logs] +++++++++++++++++++++++++++++++++++++++++++++++++++++++++++++++++++++++++ 
2018-05-20 20:14:33,216 INFO  [Logs] Instantiate browser - chrome_grid 
2018-05-20 20:19:09,562 INFO  [Logs] +++++++++++++++++++++++++++++++++++++++++++++++++++++++++++++++++++++++++ 
2018-05-20 20:19:12,936 INFO  [Logs] Instantiate browser - chrome_grid 
2018-05-20 20:20:24,374 INFO  [Logs] +++++++++++++++++++++++++++++++++++++++++++++++++++++++++++++++++++++++++ 
2018-05-20 20:20:27,920 INFO  [Logs] Instantiate browser - chrome_grid 
2018-05-20 20:27:06,617 INFO  [Logs] +++++++++++++++++++++++++++++++++++++++++++++++++++++++++++++++++++++++++ 
2018-05-20 20:27:09,678 INFO  [Logs] Instantiate browser - chrome_grid 
2018-05-20 20:34:04,577 INFO  [Logs] +++++++++++++++++++++++++++++++++++++++++++++++++++++++++++++++++++++++++ 
2018-05-20 20:34:08,097 INFO  [Logs] Instantiate browser - chrome_grid 
2018-05-20 20:36:55,354 INFO  [Logs] +++++++++++++++++++++++++++++++++++++++++++++++++++++++++++++++++++++++++ 
2018-05-20 20:36:58,287 INFO  [Logs] Instantiate browser - chrome_grid 
2018-05-20 20:37:57,371 INFO  [Logs] +++++++++++++++++++++++++++++++++++++++++++++++++++++++++++++++++++++++++ 
2018-05-20 20:38:00,488 INFO  [Logs] Instantiate browser - chrome_grid 
2018-05-20 20:48:50,007 INFO  [Logs] +++++++++++++++++++++++++++++++++++++++++++++++++++++++++++++++++++++++++ 
2018-05-20 20:48:53,061 INFO  [Logs] Instantiate browser - chrome_grid 
2018-05-20 20:54:39,859 INFO  [Logs] +++++++++++++++++++++++++++++++++++++++++++++++++++++++++++++++++++++++++ 
2018-05-20 20:55:20,517 INFO  [Logs] Instantiate browser - chrome_grid 
2018-05-20 20:56:14,195 INFO  [Logs] +++++++++++++++++++++++++++++++++++++++++++++++++++++++++++++++++++++++++ 
2018-05-20 20:56:17,230 INFO  [Logs] Instantiate browser - chrome_grid 
2018-05-20 20:56:30,962 INFO  [Logs] Navigate to URL - https://www.ruffalonl.com/ 
2018-05-20 20:56:32,107 INFO  [Logs] Maximized the browser 
2018-05-20 20:56:32,203 INFO  [Logs] Hover to Student Success 
2018-05-20 20:56:33,243 INFO  [Logs] Take a screenshot 
2018-05-20 21:16:38,856 INFO  [Logs] +++++++++++++++++++++++++++++++++++++++++++++++++++++++++++++++++++++++++ 
2018-05-20 21:16:41,922 INFO  [Logs] Instantiate browser - chrome_grid 
2018-05-20 21:17:32,421 INFO  [Logs] +++++++++++++++++++++++++++++++++++++++++++++++++++++++++++++++++++++++++ 
2018-05-20 21:17:35,819 INFO  [Logs] Instantiate browser - chrome_grid 
2018-05-20 21:17:46,313 INFO  [Logs] Navigate to URL - https://www.ruffalonl.com/ 
2018-05-20 21:17:47,531 INFO  [Logs] Maximized the browser 
2018-05-20 21:17:47,655 INFO  [Logs] Hover to Student Success 
2018-05-20 21:17:48,515 INFO  [Logs] Take a screenshot 
